<?xml version="1.0" encoding="UTF-8"?>
<!-- Generated by org.testng.reporters.JUnitXMLReporter -->
<testsuite ignored="5" hostname="Saurabhchoudhari" failures="0" tests="6" name="Ashu1" time="0.086" errors="0" timestamp="2023-12-26T14:30:54 IST">
  <testcase classname="Saurabhpackage.Testngday3" name="newDemo" time="0.008"/>
  <testcase classname="Saurabhpackage.Testngday3" name="oldDemo" time="0.006"/>
  <testcase classname="Saurabhpackage.Testngday4" name="Demo5" time="0.003"/>
  <testcase classname="Saurabhpackage.Testngday4" name="Demo7" time="0.003"/>
  <testcase classname="Saurabhpackage.Testngday4" name="Demo7" time="0.004"/>
  <testcase classname="Saurabhpackage.Testngday4" name="Demo7" time="0.003"/>
  <testcase classname="Saurabhpackage.Testngday3" name="Demo4" time="0.0">
    <ignored/>
  </testcase> <!-- Demo4 -->
  <testcase classname="Saurabhpackage.Testngday4" name="looklogin" time="0.0">
    <ignored/>
  </testcase> <!-- looklogin -->
  <testcase classname="Saurabhpackage.Testngday4" name="Demo6" time="0.0">
    <ignored/>
  </testcase> <!-- Demo6 -->
  <testcase classname="Saurabhpackage.Testngday4" name="looklogout" time="0.0">
    <ignored/>
  </testcase> <!-- looklogout -->
  <testcase classname="Saurabhpackage.Testngday4" name="lookDashboard" time="0.0">
    <ignored/>
  </testcase> <!-- lookDashboard -->
</testsuite> <!-- Ashu1 -->
