<?xml version="1.0" encoding="UTF-8"?>
<!-- Generated by org.testng.reporters.JUnitXMLReporter -->
<testsuite ignored="1" hostname="Saurabhchoudhari" failures="0" tests="4" name="Ashu" time="0.114" errors="0" timestamp="2023-12-26T14:30:54 IST">
  <testcase classname="Saurabhpackage.Testngday1" name="Demo1" time="0.006"/>
  <testcase classname="Saurabhpackage.Testngday1" name="demoTest" time="0.016"/>
  <testcase classname="Saurabhpackage.Testngday2" name="Demo3" time="0.004"/>
  <testcase classname="Saurabhpackage.Testngday1" name="Demo2" time="0.002"/>
  <testcase classname="Saurabhpackage.Testngday1" name="newDemoNew" time="0.0">
    <ignored/>
  </testcase> <!-- newDemoNew -->
</testsuite> <!-- Ashu -->
