<?xml version="1.0" encoding="UTF-8"?>
<!-- Generated by org.testng.reporters.JUnitXMLReporter -->
<testsuite ignored="10" hostname="Saurabhchoudhari" failures="0" tests="2" name="Smoke test cases" time="0.068" errors="0" timestamp="2023-12-25T16:38:08 IST">
  <testcase classname="Saurabhpackage.Testngday3" name="Demo4" time="0.019"/>
  <testcase classname="Saurabhpackage.Testngday3" name="newDemo" time="0.001"/>
  <testcase classname="Saurabhpackage.Testngday2" name="Demo3" time="0.0">
    <ignored/>
  </testcase> <!-- Demo3 -->
  <testcase classname="Saurabhpackage.Testngday4" name="Demo5" time="0.0">
    <ignored/>
  </testcase> <!-- Demo5 -->
  <testcase classname="Saurabhpackage.Testngday3" name="oldDemo" time="0.0">
    <ignored/>
  </testcase> <!-- oldDemo -->
  <testcase classname="Saurabhpackage.Testngday4" name="looklogin" time="0.0">
    <ignored/>
  </testcase> <!-- looklogin -->
  <testcase classname="Saurabhpackage.Testngday4" name="Demo7" time="0.0">
    <ignored/>
  </testcase> <!-- Demo7 -->
  <testcase classname="Saurabhpackage.Testngday4" name="Demo6" time="0.0">
    <ignored/>
  </testcase> <!-- Demo6 -->
  <testcase classname="Saurabhpackage.Testngday4" name="looklogout" time="0.0">
    <ignored/>
  </testcase> <!-- looklogout -->
  <testcase classname="Saurabhpackage.Testngday1" name="Demo1" time="0.0">
    <ignored/>
  </testcase> <!-- Demo1 -->
  <testcase classname="Saurabhpackage.Testngday1" name="Demo2" time="0.0">
    <ignored/>
  </testcase> <!-- Demo2 -->
  <testcase classname="Saurabhpackage.Testngday4" name="lookDashboard" time="0.0">
    <ignored/>
  </testcase> <!-- lookDashboard -->
</testsuite> <!-- Smoke test cases -->
