<?xml version="1.0" encoding="UTF-8"?>
<testng-results ignored="6" total="16" passed="10" failed="0" skipped="0">
  <reporter-output>
  </reporter-output>
  <suite started-at="2023-12-26T14:30:54 IST" name="Saurabh suite" finished-at="2023-12-26T14:30:54 IST" duration-ms="114">
    <groups>
      <group name="Sanity">
        <method signature="Testngday2.Demo3()[pri:0, instance:Saurabhpackage.Testngday2@71238fc2]" name="Demo3" class="Saurabhpackage.Testngday2"/>
      </group> <!-- Sanity -->
      <group name="Smoke">
        <method signature="Testngday3.newDemo()[pri:0, instance:Saurabhpackage.Testngday3@12aba8be]" name="newDemo" class="Saurabhpackage.Testngday3"/>
      </group> <!-- Smoke -->
    </groups>
    <test started-at="2023-12-26T14:30:54 IST" name="Ashu" finished-at="2023-12-26T14:30:54 IST" duration-ms="114">
      <class name="Saurabhpackage.Testngday2">
        <test-method signature="Demo3()[pri:0, instance:Saurabhpackage.Testngday2@71238fc2]" started-at="2023-12-26T14:30:54 IST" name="Demo3" finished-at="2023-12-26T14:30:54 IST" duration-ms="4" status="PASS">
          <reporter-output>
          </reporter-output>
        </test-method> <!-- Demo3 -->
      </class> <!-- Saurabhpackage.Testngday2 -->
      <class name="Saurabhpackage.Testngday1">
        <test-method signature="Demo1(java.lang.String)[pri:0, instance:Saurabhpackage.Testngday1@2accdbb5]" started-at="2023-12-26T14:30:54 IST" name="Demo1" finished-at="2023-12-26T14:30:54 IST" duration-ms="6" status="PASS">
          <params>
            <param index="0">
              <value>
                <![CDATA[Amazon.com]]>
              </value>
            </param>
          </params>
          <reporter-output>
          </reporter-output>
        </test-method> <!-- Demo1 -->
        <test-method is-config="true" signature="afterEveryMethod()[pri:0, instance:Saurabhpackage.Testngday1@2accdbb5]" started-at="2023-12-26T14:30:54 IST" name="afterEveryMethod" finished-at="2023-12-26T14:30:54 IST" duration-ms="1" status="PASS">
          <reporter-output>
          </reporter-output>
        </test-method> <!-- afterEveryMethod -->
        <test-method signature="demoTest()[pri:0, instance:Saurabhpackage.Testngday1@2accdbb5]" started-at="2023-12-26T14:30:54 IST" name="demoTest" finished-at="2023-12-26T14:30:54 IST" duration-ms="16" status="PASS">
          <reporter-output>
          </reporter-output>
        </test-method> <!-- demoTest -->
        <test-method is-config="true" signature="afterEveryMethod()[pri:0, instance:Saurabhpackage.Testngday1@2accdbb5]" started-at="2023-12-26T14:30:54 IST" name="afterEveryMethod" finished-at="2023-12-26T14:30:54 IST" duration-ms="4" status="PASS">
          <reporter-output>
          </reporter-output>
        </test-method> <!-- afterEveryMethod -->
        <test-method signature="Demo2()[pri:0, instance:Saurabhpackage.Testngday1@2accdbb5]" started-at="2023-12-26T14:30:54 IST" name="Demo2" finished-at="2023-12-26T14:30:54 IST" depends-on-methods="Saurabhpackage.Testngday1.Demo1, Saurabhpackage.Testngday1.demoTest" duration-ms="2" status="PASS">
          <reporter-output>
          </reporter-output>
        </test-method> <!-- Demo2 -->
        <test-method is-config="true" signature="afterEveryMethod()[pri:0, instance:Saurabhpackage.Testngday1@2accdbb5]" started-at="2023-12-26T14:30:54 IST" name="afterEveryMethod" finished-at="2023-12-26T14:30:54 IST" duration-ms="2" status="PASS">
          <reporter-output>
          </reporter-output>
        </test-method> <!-- afterEveryMethod -->
      </class> <!-- Saurabhpackage.Testngday1 -->
    </test> <!-- Ashu -->
    <test started-at="2023-12-26T14:30:54 IST" name="Ashu1" finished-at="2023-12-26T14:30:54 IST" duration-ms="86">
      <class name="Saurabhpackage.Testngday2">
        <test-method is-config="true" signature="topPriority()[pri:0, instance:Saurabhpackage.Testngday2@71238fc2]" started-at="2023-12-26T14:30:54 IST" name="topPriority" finished-at="2023-12-26T14:30:54 IST" duration-ms="9" status="PASS">
          <reporter-output>
          </reporter-output>
        </test-method> <!-- topPriority -->
        <test-method is-config="true" signature="lastPriority()[pri:0, instance:Saurabhpackage.Testngday2@71238fc2]" started-at="2023-12-26T14:30:54 IST" name="lastPriority" finished-at="2023-12-26T14:30:54 IST" duration-ms="0" status="PASS">
          <reporter-output>
          </reporter-output>
        </test-method> <!-- lastPriority -->
      </class> <!-- Saurabhpackage.Testngday2 -->
      <class name="Saurabhpackage.Testngday4">
        <test-method is-config="true" signature="earlier()[pri:0, instance:Saurabhpackage.Testngday4@290222c1]" started-at="2023-12-26T14:30:54 IST" name="earlier" finished-at="2023-12-26T14:30:54 IST" duration-ms="0" status="PASS">
          <reporter-output>
          </reporter-output>
        </test-method> <!-- earlier -->
        <test-method signature="Demo5(java.lang.String)[pri:0, instance:Saurabhpackage.Testngday4@290222c1]" started-at="2023-12-26T14:30:54 IST" name="Demo5" finished-at="2023-12-26T14:30:54 IST" duration-ms="3" status="PASS">
          <params>
            <param index="0">
              <value>
                <![CDATA[Flipkart.com]]>
              </value>
            </param>
          </params>
          <reporter-output>
          </reporter-output>
        </test-method> <!-- Demo5 -->
        <test-method signature="Demo7(java.lang.String,java.lang.String)[pri:0, instance:Saurabhpackage.Testngday4@290222c1]" started-at="2023-12-26T14:30:54 IST" name="Demo7" data-provider="getData" finished-at="2023-12-26T14:30:54 IST" duration-ms="3" status="PASS">
          <params>
            <param index="0">
              <value>
                <![CDATA[Firstusername]]>
              </value>
            </param>
            <param index="1">
              <value>
                <![CDATA[Firstpassword]]>
              </value>
            </param>
          </params>
          <reporter-output>
          </reporter-output>
        </test-method> <!-- Demo7 -->
        <test-method signature="Demo7(java.lang.String,java.lang.String)[pri:0, instance:Saurabhpackage.Testngday4@290222c1]" started-at="2023-12-26T14:30:54 IST" name="Demo7" data-provider="getData" finished-at="2023-12-26T14:30:54 IST" duration-ms="4" status="PASS">
          <params>
            <param index="0">
              <value>
                <![CDATA[Secondusername]]>
              </value>
            </param>
            <param index="1">
              <value>
                <![CDATA[Secondpassword]]>
              </value>
            </param>
          </params>
          <reporter-output>
          </reporter-output>
        </test-method> <!-- Demo7 -->
        <test-method signature="Demo7(java.lang.String,java.lang.String)[pri:0, instance:Saurabhpackage.Testngday4@290222c1]" started-at="2023-12-26T14:30:54 IST" name="Demo7" data-provider="getData" finished-at="2023-12-26T14:30:54 IST" duration-ms="3" status="PASS">
          <params>
            <param index="0">
              <value>
                <![CDATA[Thirdusername]]>
              </value>
            </param>
            <param index="1">
              <value>
                <![CDATA[Thirdpassword]]>
              </value>
            </param>
          </params>
          <reporter-output>
          </reporter-output>
        </test-method> <!-- Demo7 -->
        <test-method is-config="true" signature="last()[pri:0, instance:Saurabhpackage.Testngday4@290222c1]" started-at="2023-12-26T14:30:54 IST" name="last" finished-at="2023-12-26T14:30:54 IST" duration-ms="1" status="PASS">
          <reporter-output>
          </reporter-output>
        </test-method> <!-- last -->
      </class> <!-- Saurabhpackage.Testngday4 -->
      <class name="Saurabhpackage.Testngday3">
        <test-method is-config="true" signature="beforeClass()[pri:0, instance:Saurabhpackage.Testngday3@12aba8be]" started-at="2023-12-26T14:30:54 IST" name="beforeClass" finished-at="2023-12-26T14:30:54 IST" duration-ms="1" status="PASS">
          <reporter-output>
          </reporter-output>
        </test-method> <!-- beforeClass -->
        <test-method is-config="true" signature="beforeEveryMethod()[pri:0, instance:Saurabhpackage.Testngday3@12aba8be]" started-at="2023-12-26T14:30:54 IST" name="beforeEveryMethod" finished-at="2023-12-26T14:30:54 IST" duration-ms="0" status="PASS">
          <reporter-output>
          </reporter-output>
        </test-method> <!-- beforeEveryMethod -->
        <test-method signature="newDemo()[pri:0, instance:Saurabhpackage.Testngday3@12aba8be]" started-at="2023-12-26T14:30:54 IST" name="newDemo" finished-at="2023-12-26T14:30:54 IST" duration-ms="8" status="PASS">
          <reporter-output>
          </reporter-output>
        </test-method> <!-- newDemo -->
        <test-method is-config="true" signature="beforeEveryMethod()[pri:0, instance:Saurabhpackage.Testngday3@12aba8be]" started-at="2023-12-26T14:30:54 IST" name="beforeEveryMethod" finished-at="2023-12-26T14:30:54 IST" duration-ms="1" status="PASS">
          <reporter-output>
          </reporter-output>
        </test-method> <!-- beforeEveryMethod -->
        <test-method signature="oldDemo(java.lang.String,java.lang.String)[pri:0, instance:Saurabhpackage.Testngday3@12aba8be]" started-at="2023-12-26T14:30:54 IST" name="oldDemo" finished-at="2023-12-26T14:30:54 IST" duration-ms="6" status="PASS">
          <params>
            <param index="0">
              <value>
                <![CDATA[Flipkart.com]]>
              </value>
            </param>
            <param index="1">
              <value>
                <![CDATA[123456]]>
              </value>
            </param>
          </params>
          <reporter-output>
          </reporter-output>
        </test-method> <!-- oldDemo -->
        <test-method is-config="true" signature="afterClass()[pri:0, instance:Saurabhpackage.Testngday3@12aba8be]" started-at="2023-12-26T14:30:54 IST" name="afterClass" finished-at="2023-12-26T14:30:54 IST" duration-ms="1" status="PASS">
          <reporter-output>
          </reporter-output>
        </test-method> <!-- afterClass -->
      </class> <!-- Saurabhpackage.Testngday3 -->
    </test> <!-- Ashu1 -->
  </suite> <!-- Saurabh suite -->
</testng-results>
